  DirectXGraphics.cpp
C:\Users\m013002i\Documents\GitHub\GGD-GoingQuackersFramework\Going_Quackers_Framework\Code\EngineBase\Game Systems\Components\Transform.h(42,57): warning C4244: '=': conversion from 'double' to 'float', possible loss of data
C:\Users\m013002i\Documents\GitHub\GGD-GoingQuackersFramework\Going_Quackers_Framework\Code\EngineBase\Game Systems\Components\Transform.h(44,67): warning C4244: '=': conversion from 'double' to 'float', possible loss of data
C:\Users\m013002i\Documents\GitHub\GGD-GoingQuackersFramework\Going_Quackers_Framework\Code\EngineBase\Game Systems\Debug.h(100,2): warning C4091: 'static ': ignored on left of 'Debug' when no variable is declared
C:\Users\m013002i\Documents\GitHub\GGD-GoingQuackersFramework\Going_Quackers_Framework\Code\EngineBase\Rendering\DirectX11 Elements\DirectXGraphics.cpp(44,47): warning C4244: 'argument': conversion from 'int' to 'float', possible loss of data
C:\Users\m013002i\Documents\GitHub\GGD-GoingQuackersFramework\Going_Quackers_Framework\Code\EngineBase\Rendering\DirectX11 Elements\DirectXGraphics.cpp(44,26): warning C4244: 'argument': conversion from 'int' to 'float', possible loss of data
C:\Users\m013002i\Documents\GitHub\GGD-GoingQuackersFramework\Going_Quackers_Framework\Code\EngineBase\Rendering\DirectX11 Elements\DirectXGraphics.cpp(174,48): warning C4129: 'T': unrecognized character escape sequence
C:\Users\m013002i\Documents\GitHub\GGD-GoingQuackersFramework\Going_Quackers_Framework\Code\EngineBase\Rendering\DirectX11 Elements\DirectXGraphics.cpp(174,48): warning C4129: 'W': unrecognized character escape sequence
C:\Users\m013002i\Documents\GitHub\GGD-GoingQuackersFramework\Going_Quackers_Framework\Code\EngineBase\Rendering\DirectX11 Elements\DirectXGraphics.cpp(174,48): warning C4129: 'm': unrecognized character escape sequence
C:\Users\m013002i\Documents\GitHub\GGD-GoingQuackersFramework\Going_Quackers_Framework\Code\EngineBase\Rendering\DirectX11 Elements\DirectXGraphics.cpp(175,48): warning C4129: 'T': unrecognized character escape sequence
C:\Users\m013002i\Documents\GitHub\GGD-GoingQuackersFramework\Going_Quackers_Framework\Code\EngineBase\Rendering\DirectX11 Elements\DirectXGraphics.cpp(175,48): warning C4129: 'W': unrecognized character escape sequence
C:\Users\m013002i\Documents\GitHub\GGD-GoingQuackersFramework\Going_Quackers_Framework\Code\EngineBase\Rendering\DirectX11 Elements\DirectXGraphics.cpp(175,48): warning C4129: 'm': unrecognized character escape sequence
C:\Users\m013002i\Documents\GitHub\GGD-GoingQuackersFramework\Going_Quackers_Framework\Code\EngineBase\Rendering\DirectX11 Elements\DirectXGraphics.cpp(176,48): warning C4129: 'T': unrecognized character escape sequence
C:\Users\m013002i\Documents\GitHub\GGD-GoingQuackersFramework\Going_Quackers_Framework\Code\EngineBase\Rendering\DirectX11 Elements\DirectXGraphics.cpp(176,48): warning C4129: 'W': unrecognized character escape sequence
C:\Users\m013002i\Documents\GitHub\GGD-GoingQuackersFramework\Going_Quackers_Framework\Code\EngineBase\Rendering\DirectX11 Elements\DirectXGraphics.cpp(176,48): warning C4129: 's': unrecognized character escape sequence
C:\Users\m013002i\Documents\GitHub\GGD-GoingQuackersFramework\Going_Quackers_Framework\Code\EngineBase\Rendering\DirectX11 Elements\DirectXGraphics.cpp(177,48): warning C4129: 'T': unrecognized character escape sequence
C:\Users\m013002i\Documents\GitHub\GGD-GoingQuackersFramework\Going_Quackers_Framework\Code\EngineBase\Rendering\DirectX11 Elements\DirectXGraphics.cpp(177,48): warning C4129: 'W': unrecognized character escape sequence
C:\Users\m013002i\Documents\GitHub\GGD-GoingQuackersFramework\Going_Quackers_Framework\Code\EngineBase\Rendering\DirectX11 Elements\DirectXGraphics.cpp(177,48): warning C4129: 's': unrecognized character escape sequence
C:\Users\m013002i\Documents\GitHub\GGD-GoingQuackersFramework\Going_Quackers_Framework\Code\EngineBase\Rendering\DirectX11 Elements\DirectXGraphics.cpp(178,48): warning C4129: 'T': unrecognized character escape sequence
C:\Users\m013002i\Documents\GitHub\GGD-GoingQuackersFramework\Going_Quackers_Framework\Code\EngineBase\Rendering\DirectX11 Elements\DirectXGraphics.cpp(178,48): warning C4129: 'W': unrecognized character escape sequence
C:\Users\m013002i\Documents\GitHub\GGD-GoingQuackersFramework\Going_Quackers_Framework\Code\EngineBase\Rendering\DirectX11 Elements\DirectXGraphics.cpp(178,48): warning C4129: 's': unrecognized character escape sequence
C:\Users\m013002i\Documents\GitHub\GGD-GoingQuackersFramework\Going_Quackers_Framework\Code\EngineBase\Rendering\DirectX11 Elements\DirectXGraphics.cpp(179,48): warning C4129: 'T': unrecognized character escape sequence
C:\Users\m013002i\Documents\GitHub\GGD-GoingQuackersFramework\Going_Quackers_Framework\Code\EngineBase\Rendering\DirectX11 Elements\DirectXGraphics.cpp(179,48): warning C4129: 'W': unrecognized character escape sequence
C:\Users\m013002i\Documents\GitHub\GGD-GoingQuackersFramework\Going_Quackers_Framework\Code\EngineBase\Rendering\DirectX11 Elements\DirectXGraphics.cpp(179,48): warning C4129: 's': unrecognized character escape sequence
C:\Users\m013002i\Documents\GitHub\GGD-GoingQuackersFramework\Going_Quackers_Framework\Code\EngineBase\Rendering\DirectX11 Elements\DirectXGraphics.cpp(180,48): warning C4129: 'T': unrecognized character escape sequence
C:\Users\m013002i\Documents\GitHub\GGD-GoingQuackersFramework\Going_Quackers_Framework\Code\EngineBase\Rendering\DirectX11 Elements\DirectXGraphics.cpp(180,48): warning C4129: 'W': unrecognized character escape sequence
C:\Users\m013002i\Documents\GitHub\GGD-GoingQuackersFramework\Going_Quackers_Framework\Code\EngineBase\Rendering\DirectX11 Elements\DirectXGraphics.cpp(180,48): warning C4129: 's': unrecognized character escape sequence
C:\Users\m013002i\Documents\GitHub\GGD-GoingQuackersFramework\Going_Quackers_Framework\Code\EngineBase\Rendering\DirectX11 Elements\DirectXGraphics.cpp(181,48): warning C4129: 'T': unrecognized character escape sequence
C:\Users\m013002i\Documents\GitHub\GGD-GoingQuackersFramework\Going_Quackers_Framework\Code\EngineBase\Rendering\DirectX11 Elements\DirectXGraphics.cpp(181,48): warning C4129: 'W': unrecognized character escape sequence
C:\Users\m013002i\Documents\GitHub\GGD-GoingQuackersFramework\Going_Quackers_Framework\Code\EngineBase\Rendering\DirectX11 Elements\DirectXGraphics.cpp(181,48): warning C4129: 's': unrecognized character escape sequence
C:\Users\m013002i\Documents\GitHub\GGD-GoingQuackersFramework\Going_Quackers_Framework\Code\EngineBase\Rendering\DirectX11 Elements\DirectXGraphics.cpp(182,48): warning C4129: 'T': unrecognized character escape sequence
C:\Users\m013002i\Documents\GitHub\GGD-GoingQuackersFramework\Going_Quackers_Framework\Code\EngineBase\Rendering\DirectX11 Elements\DirectXGraphics.cpp(182,48): warning C4129: 'W': unrecognized character escape sequence
C:\Users\m013002i\Documents\GitHub\GGD-GoingQuackersFramework\Going_Quackers_Framework\Code\EngineBase\Rendering\DirectX11 Elements\DirectXGraphics.cpp(182,48): warning C4129: 's': unrecognized character escape sequence
C:\Users\m013002i\Documents\GitHub\GGD-GoingQuackersFramework\Going_Quackers_Framework\Code\EngineBase\Rendering\DirectX11 Elements\DirectXGraphics.cpp(183,48): warning C4129: 'T': unrecognized character escape sequence
C:\Users\m013002i\Documents\GitHub\GGD-GoingQuackersFramework\Going_Quackers_Framework\Code\EngineBase\Rendering\DirectX11 Elements\DirectXGraphics.cpp(183,48): warning C4129: 'W': unrecognized character escape sequence
C:\Users\m013002i\Documents\GitHub\GGD-GoingQuackersFramework\Going_Quackers_Framework\Code\EngineBase\Rendering\DirectX11 Elements\DirectXGraphics.cpp(183,48): warning C4129: 's': unrecognized character escape sequence
C:\Users\m013002i\Documents\GitHub\GGD-GoingQuackersFramework\Going_Quackers_Framework\Code\EngineBase\Rendering\DirectX11 Elements\DirectXGraphics.cpp(184,48): warning C4129: 'T': unrecognized character escape sequence
C:\Users\m013002i\Documents\GitHub\GGD-GoingQuackersFramework\Going_Quackers_Framework\Code\EngineBase\Rendering\DirectX11 Elements\DirectXGraphics.cpp(184,48): warning C4129: 'W': unrecognized character escape sequence
C:\Users\m013002i\Documents\GitHub\GGD-GoingQuackersFramework\Going_Quackers_Framework\Code\EngineBase\Rendering\DirectX11 Elements\DirectXGraphics.cpp(184,48): warning C4129: 's': unrecognized character escape sequence
C:\Users\m013002i\Documents\GitHub\GGD-GoingQuackersFramework\Going_Quackers_Framework\Code\EngineBase\Rendering\DirectX11 Elements\DirectXGraphics.cpp(185,48): warning C4129: 'T': unrecognized character escape sequence
C:\Users\m013002i\Documents\GitHub\GGD-GoingQuackersFramework\Going_Quackers_Framework\Code\EngineBase\Rendering\DirectX11 Elements\DirectXGraphics.cpp(185,48): warning C4129: 'W': unrecognized character escape sequence
C:\Users\m013002i\Documents\GitHub\GGD-GoingQuackersFramework\Going_Quackers_Framework\Code\EngineBase\Rendering\DirectX11 Elements\DirectXGraphics.cpp(185,48): warning C4129: 's': unrecognized character escape sequence
C:\Users\m013002i\Documents\GitHub\GGD-GoingQuackersFramework\Going_Quackers_Framework\Code\EngineBase\Rendering\DirectX11 Elements\DirectXGraphics.cpp(186,48): warning C4129: 'T': unrecognized character escape sequence
C:\Users\m013002i\Documents\GitHub\GGD-GoingQuackersFramework\Going_Quackers_Framework\Code\EngineBase\Rendering\DirectX11 Elements\DirectXGraphics.cpp(186,48): warning C4129: 'W': unrecognized character escape sequence
C:\Users\m013002i\Documents\GitHub\GGD-GoingQuackersFramework\Going_Quackers_Framework\Code\EngineBase\Rendering\DirectX11 Elements\DirectXGraphics.cpp(186,48): warning C4129: 's': unrecognized character escape sequence
C:\Users\m013002i\Documents\GitHub\GGD-GoingQuackersFramework\Going_Quackers_Framework\Code\EngineBase\Rendering\DirectX11 Elements\DirectXGraphics.cpp(187,48): warning C4129: 'T': unrecognized character escape sequence
C:\Users\m013002i\Documents\GitHub\GGD-GoingQuackersFramework\Going_Quackers_Framework\Code\EngineBase\Rendering\DirectX11 Elements\DirectXGraphics.cpp(187,48): warning C4129: 'W': unrecognized character escape sequence
C:\Users\m013002i\Documents\GitHub\GGD-GoingQuackersFramework\Going_Quackers_Framework\Code\EngineBase\Rendering\DirectX11 Elements\DirectXGraphics.cpp(187,48): warning C4129: 's': unrecognized character escape sequence
C:\Users\m013002i\Documents\GitHub\GGD-GoingQuackersFramework\Going_Quackers_Framework\Code\EngineBase\Rendering\DirectX11 Elements\DirectXGraphics.cpp(188,48): warning C4129: 'T': unrecognized character escape sequence
C:\Users\m013002i\Documents\GitHub\GGD-GoingQuackersFramework\Going_Quackers_Framework\Code\EngineBase\Rendering\DirectX11 Elements\DirectXGraphics.cpp(188,48): warning C4129: 'W': unrecognized character escape sequence
C:\Users\m013002i\Documents\GitHub\GGD-GoingQuackersFramework\Going_Quackers_Framework\Code\EngineBase\Rendering\DirectX11 Elements\DirectXGraphics.cpp(188,48): warning C4129: 's': unrecognized character escape sequence
C:\Users\m013002i\Documents\GitHub\GGD-GoingQuackersFramework\Going_Quackers_Framework\Code\EngineBase\Rendering\DirectX11 Elements\DirectXGraphics.cpp(189,48): warning C4129: 'T': unrecognized character escape sequence
C:\Users\m013002i\Documents\GitHub\GGD-GoingQuackersFramework\Going_Quackers_Framework\Code\EngineBase\Rendering\DirectX11 Elements\DirectXGraphics.cpp(189,48): warning C4129: 'W': unrecognized character escape sequence
C:\Users\m013002i\Documents\GitHub\GGD-GoingQuackersFramework\Going_Quackers_Framework\Code\EngineBase\Rendering\DirectX11 Elements\DirectXGraphics.cpp(189,48): warning C4129: 's': unrecognized character escape sequence
C:\Users\m013002i\Documents\GitHub\GGD-GoingQuackersFramework\Going_Quackers_Framework\Code\EngineBase\Rendering\DirectX11 Elements\DirectXGraphics.cpp(190,48): warning C4129: 'T': unrecognized character escape sequence
C:\Users\m013002i\Documents\GitHub\GGD-GoingQuackersFramework\Going_Quackers_Framework\Code\EngineBase\Rendering\DirectX11 Elements\DirectXGraphics.cpp(190,48): warning C4129: 'W': unrecognized character escape sequence
C:\Users\m013002i\Documents\GitHub\GGD-GoingQuackersFramework\Going_Quackers_Framework\Code\EngineBase\Rendering\DirectX11 Elements\DirectXGraphics.cpp(190,48): warning C4129: 's': unrecognized character escape sequence
C:\Users\m013002i\Documents\GitHub\GGD-GoingQuackersFramework\Going_Quackers_Framework\Code\EngineBase\Rendering\DirectX11 Elements\DirectXGraphics.cpp(191,48): warning C4129: 'T': unrecognized character escape sequence
C:\Users\m013002i\Documents\GitHub\GGD-GoingQuackersFramework\Going_Quackers_Framework\Code\EngineBase\Rendering\DirectX11 Elements\DirectXGraphics.cpp(191,48): warning C4129: 'W': unrecognized character escape sequence
C:\Users\m013002i\Documents\GitHub\GGD-GoingQuackersFramework\Going_Quackers_Framework\Code\EngineBase\Rendering\DirectX11 Elements\DirectXGraphics.cpp(191,48): warning C4129: 's': unrecognized character escape sequence
C:\Users\m013002i\Documents\GitHub\GGD-GoingQuackersFramework\Going_Quackers_Framework\Code\EngineBase\Rendering\DirectX11 Elements\DirectXGraphics.cpp(192,48): warning C4129: 'T': unrecognized character escape sequence
C:\Users\m013002i\Documents\GitHub\GGD-GoingQuackersFramework\Going_Quackers_Framework\Code\EngineBase\Rendering\DirectX11 Elements\DirectXGraphics.cpp(192,48): warning C4129: 'W': unrecognized character escape sequence
C:\Users\m013002i\Documents\GitHub\GGD-GoingQuackersFramework\Going_Quackers_Framework\Code\EngineBase\Rendering\DirectX11 Elements\DirectXGraphics.cpp(192,48): warning C4129: 's': unrecognized character escape sequence
C:\Users\m013002i\Documents\GitHub\GGD-GoingQuackersFramework\Going_Quackers_Framework\Code\EngineBase\Rendering\DirectX11 Elements\DirectXGraphics.cpp(193,48): warning C4129: 'T': unrecognized character escape sequence
C:\Users\m013002i\Documents\GitHub\GGD-GoingQuackersFramework\Going_Quackers_Framework\Code\EngineBase\Rendering\DirectX11 Elements\DirectXGraphics.cpp(193,48): warning C4129: 'W': unrecognized character escape sequence
C:\Users\m013002i\Documents\GitHub\GGD-GoingQuackersFramework\Going_Quackers_Framework\Code\EngineBase\Rendering\DirectX11 Elements\DirectXGraphics.cpp(193,48): warning C4129: 's': unrecognized character escape sequence
C:\Users\m013002i\Documents\GitHub\GGD-GoingQuackersFramework\Going_Quackers_Framework\Code\EngineBase\Rendering\DirectX11 Elements\DirectXGraphics.cpp(194,48): warning C4129: 'T': unrecognized character escape sequence
C:\Users\m013002i\Documents\GitHub\GGD-GoingQuackersFramework\Going_Quackers_Framework\Code\EngineBase\Rendering\DirectX11 Elements\DirectXGraphics.cpp(194,48): warning C4129: 'W': unrecognized character escape sequence
C:\Users\m013002i\Documents\GitHub\GGD-GoingQuackersFramework\Going_Quackers_Framework\Code\EngineBase\Rendering\DirectX11 Elements\DirectXGraphics.cpp(194,48): warning C4129: 's': unrecognized character escape sequence
C:\Users\m013002i\Documents\GitHub\GGD-GoingQuackersFramework\Going_Quackers_Framework\Code\EngineBase\Rendering\DirectX11 Elements\DirectXGraphics.cpp(195,48): warning C4129: 'T': unrecognized character escape sequence
C:\Users\m013002i\Documents\GitHub\GGD-GoingQuackersFramework\Going_Quackers_Framework\Code\EngineBase\Rendering\DirectX11 Elements\DirectXGraphics.cpp(195,48): warning C4129: 'W': unrecognized character escape sequence
C:\Users\m013002i\Documents\GitHub\GGD-GoingQuackersFramework\Going_Quackers_Framework\Code\EngineBase\Rendering\DirectX11 Elements\DirectXGraphics.cpp(195,48): warning C4129: 's': unrecognized character escape sequence
C:\Users\m013002i\Documents\GitHub\GGD-GoingQuackersFramework\Going_Quackers_Framework\Code\EngineBase\Rendering\DirectX11 Elements\DirectXGraphics.cpp(196,48): warning C4129: 'T': unrecognized character escape sequence
C:\Users\m013002i\Documents\GitHub\GGD-GoingQuackersFramework\Going_Quackers_Framework\Code\EngineBase\Rendering\DirectX11 Elements\DirectXGraphics.cpp(196,48): warning C4129: 'W': unrecognized character escape sequence
C:\Users\m013002i\Documents\GitHub\GGD-GoingQuackersFramework\Going_Quackers_Framework\Code\EngineBase\Rendering\DirectX11 Elements\DirectXGraphics.cpp(196,48): warning C4129: 's': unrecognized character escape sequence
C:\Users\m013002i\Documents\GitHub\GGD-GoingQuackersFramework\Going_Quackers_Framework\Code\EngineBase\Rendering\DirectX11 Elements\DirectXGraphics.cpp(197,48): warning C4129: 'T': unrecognized character escape sequence
C:\Users\m013002i\Documents\GitHub\GGD-GoingQuackersFramework\Going_Quackers_Framework\Code\EngineBase\Rendering\DirectX11 Elements\DirectXGraphics.cpp(197,48): warning C4129: 'W': unrecognized character escape sequence
C:\Users\m013002i\Documents\GitHub\GGD-GoingQuackersFramework\Going_Quackers_Framework\Code\EngineBase\Rendering\DirectX11 Elements\DirectXGraphics.cpp(197,48): warning C4129: 's': unrecognized character escape sequence
C:\Users\m013002i\Documents\GitHub\GGD-GoingQuackersFramework\Going_Quackers_Framework\Code\EngineBase\Rendering\DirectX11 Elements\DirectXGraphics.cpp(198,48): warning C4129: 'T': unrecognized character escape sequence
C:\Users\m013002i\Documents\GitHub\GGD-GoingQuackersFramework\Going_Quackers_Framework\Code\EngineBase\Rendering\DirectX11 Elements\DirectXGraphics.cpp(198,48): warning C4129: 'W': unrecognized character escape sequence
C:\Users\m013002i\Documents\GitHub\GGD-GoingQuackersFramework\Going_Quackers_Framework\Code\EngineBase\Rendering\DirectX11 Elements\DirectXGraphics.cpp(198,48): warning C4129: 's': unrecognized character escape sequence
C:\Users\m013002i\Documents\GitHub\GGD-GoingQuackersFramework\Going_Quackers_Framework\Code\EngineBase\Rendering\DirectX11 Elements\DirectXGraphics.cpp(199,48): warning C4129: 'T': unrecognized character escape sequence
C:\Users\m013002i\Documents\GitHub\GGD-GoingQuackersFramework\Going_Quackers_Framework\Code\EngineBase\Rendering\DirectX11 Elements\DirectXGraphics.cpp(199,48): warning C4129: 'W': unrecognized character escape sequence
C:\Users\m013002i\Documents\GitHub\GGD-GoingQuackersFramework\Going_Quackers_Framework\Code\EngineBase\Rendering\DirectX11 Elements\DirectXGraphics.cpp(199,48): warning C4129: 's': unrecognized character escape sequence
C:\Users\m013002i\Documents\GitHub\GGD-GoingQuackersFramework\Going_Quackers_Framework\Code\EngineBase\Rendering\DirectX11 Elements\DirectXGraphics.cpp(200,48): warning C4129: 'T': unrecognized character escape sequence
C:\Users\m013002i\Documents\GitHub\GGD-GoingQuackersFramework\Going_Quackers_Framework\Code\EngineBase\Rendering\DirectX11 Elements\DirectXGraphics.cpp(200,48): warning C4129: 'W': unrecognized character escape sequence
C:\Users\m013002i\Documents\GitHub\GGD-GoingQuackersFramework\Going_Quackers_Framework\Code\EngineBase\Rendering\DirectX11 Elements\DirectXGraphics.cpp(200,48): warning C4129: 's': unrecognized character escape sequence
C:\Users\m013002i\Documents\GitHub\GGD-GoingQuackersFramework\Going_Quackers_Framework\Code\EngineBase\Rendering\DirectX11 Elements\DirectXGraphics.cpp(201,48): warning C4129: 'T': unrecognized character escape sequence
C:\Users\m013002i\Documents\GitHub\GGD-GoingQuackersFramework\Going_Quackers_Framework\Code\EngineBase\Rendering\DirectX11 Elements\DirectXGraphics.cpp(201,48): warning C4129: 'g': unrecognized character escape sequence
C:\Users\m013002i\Documents\GitHub\GGD-GoingQuackersFramework\Going_Quackers_Framework\Code\EngineBase\Rendering\DirectX11 Elements\DirectXGraphics.cpp(202,48): warning C4129: 'T': unrecognized character escape sequence
C:\Users\m013002i\Documents\GitHub\GGD-GoingQuackersFramework\Going_Quackers_Framework\Code\EngineBase\Rendering\DirectX11 Elements\DirectXGraphics.cpp(202,48): warning C4129: 'A': unrecognized character escape sequence
C:\Users\m013002i\Documents\GitHub\GGD-GoingQuackersFramework\Going_Quackers_Framework\Code\EngineBase\Rendering\DirectX11 Elements\DirectXGraphics.cpp(202,48): warning C4129: 's': unrecognized character escape sequence
C:\Users\m013002i\Documents\GitHub\GGD-GoingQuackersFramework\Going_Quackers_Framework\Code\EngineBase\Rendering\DirectX11 Elements\DirectXGraphics.cpp(231,91): warning C4244: 'argument': conversion from 'int' to 'float', possible loss of data
C:\Users\m013002i\Documents\GitHub\GGD-GoingQuackersFramework\Going_Quackers_Framework\Code\EngineBase\Rendering\DirectX11 Elements\DirectXGraphics.cpp(231,70): warning C4244: 'argument': conversion from 'int' to 'float', possible loss of data
  Going_Quackers_Framework.vcxproj -> C:\Users\m013002i\Documents\GitHub\GGD-GoingQuackersFramework\Going_Quackers_Framework\x64\Debug\Going_Quackers_Framework.exe
